SEVERE	Сервер запущен	com.elena.chat.server.ChatServer	Fri Aug 27 22:05:58 GMT+03:00 2021
SEVERE	Сервер запущен	com.elena.chat.server.ChatServer	Fri Aug 27 22:08:38 GMT+03:00 2021
SEVERE	Сервер запущен	com.elena.chat.server.ChatServer	Fri Aug 27 22:09:07 GMT+03:00 2021
SEVERE	Сервер запущен	com.elena.chat.server.ChatServer	Fri Aug 27 22:10:35 GMT+03:00 2021
SEVERE	Сервер запущен	com.elena.chat.server.ChatServer	Fri Aug 27 22:47:00 GMT+03:00 2021
SEVERE	Сервер запущен	com.elena.chat.server.ChatServer	Fri Aug 27 23:41:12 GMT+03:00 2021
SEVERE	Сервер запущен	com.elena.chat.server.ChatServer	Fri Aug 27 23:57:57 GMT+03:00 2021
SEVERE	Для user1 введен неправильный логин/пароль	com.elena.chat.server.ClientHandler$1	Fri Aug 27 23:57:57 GMT+03:00 2021
SEVERE	Для user1 введен неправильный логин/пароль	com.elena.chat.server.ClientHandler$1	Fri Aug 27 23:57:57 GMT+03:00 2021
SEVERE	Для user2 введен неправильный логин/пароль	com.elena.chat.server.ClientHandler$1	Fri Aug 27 23:57:57 GMT+03:00 2021
SEVERE	Для user1 введен неправильный логин/пароль	com.elena.chat.server.ClientHandler$1	Fri Aug 27 23:57:57 GMT+03:00 2021
SEVERE	Сервер запущен	com.elena.chat.server.ChatServer	Sat Aug 28 00:08:52 GMT+03:00 2021
SEVERE	Для user1 введен неправильный логин/пароль	com.elena.chat.server.ClientHandler$1	Sat Aug 28 00:08:52 GMT+03:00 2021
SEVERE	Сервер запущен	com.elena.chat.server.ChatServer	Sat Aug 28 00:12:06 GMT+03:00 2021
SEVERE	Для user1 введен неправильный логин/пароль	com.elena.chat.server.ClientHandler$1	Sat Aug 28 00:12:06 GMT+03:00 2021
SEVERE	Для user2 введен неправильный логин/пароль	com.elena.chat.server.ClientHandler$1	Sat Aug 28 00:12:06 GMT+03:00 2021
SEVERE	Сервер запущен	com.elena.chat.server.ChatServer	Sat Aug 28 00:14:06 GMT+03:00 2021
SEVERE	Для user1 введен неправильный логин/пароль	com.elena.chat.server.ClientHandler$1	Sat Aug 28 00:14:06 GMT+03:00 2021
SEVERE	Сервер запущен	com.elena.chat.server.ChatServer	Sat Aug 28 00:14:53 GMT+03:00 2021
SEVERE	Для user1 введен неправильный логин/пароль	com.elena.chat.server.ClientHandler$1	Sat Aug 28 00:14:53 GMT+03:00 2021
SEVERE	Сервер запущен	com.elena.chat.server.ChatServer	Sat Aug 28 00:22:27 GMT+03:00 2021
SEVERE	Сервер запущен	com.elena.chat.server.ChatServer	Sat Aug 28 00:23:28 GMT+03:00 2021
SEVERE	Сервер запущен	com.elena.chat.server.ChatServer	Sat Aug 28 00:23:52 GMT+03:00 2021
SEVERE	Сервер запущен	com.elena.chat.server.ChatServer	Sat Aug 28 00:24:38 GMT+03:00 2021
SEVERE	Для user1 введен неправильный логин/пароль	com.elena.chat.server.ClientHandler$1	Sat Aug 28 00:24:38 GMT+03:00 2021
SEVERE	Сервер запущен	com.elena.chat.server.ChatServer	Sat Aug 28 00:27:13 GMT+03:00 2021
SEVERE	Для user1 введен неправильный логин/пароль	com.elena.chat.server.ClientHandler$1	Sat Aug 28 00:27:13 GMT+03:00 2021
SEVERE	Сервер запущен	com.elena.chat.server.ChatServer	Sat Aug 28 00:28:21 GMT+03:00 2021
SEVERE	Для user1 введен неправильный логин/пароль	com.elena.chat.server.ClientHandler$1	Sat Aug 28 00:28:21 GMT+03:00 2021
SEVERE	Сервер запущен	com.elena.chat.server.ChatServer	Sat Aug 28 00:31:42 GMT+03:00 2021
SEVERE	Для user1 введен неправильный логин/пароль	com.elena.chat.server.ClientHandler$1	Sat Aug 28 00:31:42 GMT+03:00 2021
SEVERE	Сервер запущен	com.elena.chat.server.ChatServer	Sat Aug 28 00:33:59 GMT+03:00 2021
SEVERE	Сервер запущен	com.elena.chat.server.ChatServer	Sat Aug 28 00:46:19 GMT+03:00 2021
SEVERE	Для user1 введен неправильный логин/пароль	com.elena.chat.server.ClientHandler$1	Sat Aug 28 00:46:19 GMT+03:00 2021
SEVERE	Сервер запущен	com.elena.chat.server.ChatServer	Sat Aug 28 00:51:15 GMT+03:00 2021
SEVERE	Для user1 введен неправильный логин/пароль	com.elena.chat.server.ClientHandler$1	Sat Aug 28 00:51:15 GMT+03:00 2021
SEVERE	Сервер запущен	com.elena.chat.server.ChatServer	Sat Aug 28 01:00:53 GMT+03:00 2021
SEVERE	Для user1 введен неправильный логин/пароль	com.elena.chat.server.ClientHandler$1	Sat Aug 28 01:00:53 GMT+03:00 2021
SEVERE	Сервер запущен	com.elena.chat.server.ChatServer	Sat Aug 28 01:02:38 GMT+03:00 2021
SEVERE	Для user1 введен неправильный логин/пароль	com.elena.chat.server.ClientHandler$1	Sat Aug 28 01:02:38 GMT+03:00 2021
SEVERE	Сервер запущен	com.elena.chat.server.ChatServer	Sat Aug 28 01:07:20 GMT+03:00 2021
SEVERE	Для user1 введен неправильный логин/пароль	com.elena.chat.server.ClientHandler$1	Sat Aug 28 01:07:20 GMT+03:00 2021
SEVERE	Сервер запущен	com.elena.chat.server.ChatServer	Sat Aug 28 01:13:29 GMT+03:00 2021
SEVERE	Для user1 введен неправильный логин/пароль	com.elena.chat.server.ClientHandler$1	Sat Aug 28 01:13:29 GMT+03:00 2021
SEVERE	Сервер запущен	com.elena.chat.server.ChatServer	Sat Aug 28 01:17:34 GMT+03:00 2021
SEVERE	Сервер запущен	com.elena.chat.server.ChatServer	Sat Aug 28 01:17:50 GMT+03:00 2021
SEVERE	Сервер запущен	com.elena.chat.server.ChatServer	Sun Aug 29 22:33:52 GMT+03:00 2021
SEVERE	Для user1 введен неправильный логин/пароль	com.elena.chat.server.ClientHandler$1	Sun Aug 29 22:33:52 GMT+03:00 2021
SEVERE	Сервер запущен	com.elena.chat.server.ChatServer	Sun Aug 29 22:39:06 GMT+03:00 2021
SEVERE	Для user1 введен неправильный логин/пароль	com.elena.chat.server.ClientHandler$1	Sun Aug 29 22:39:06 GMT+03:00 2021
SEVERE	Для user2 введен неправильный логин/пароль	com.elena.chat.server.ClientHandler$1	Sun Aug 29 22:39:06 GMT+03:00 2021
SEVERE	Сервер запущен	com.elena.chat.server.ChatServer	Sun Aug 29 22:40:50 GMT+03:00 2021
SEVERE	Сервер запущен	com.elena.chat.server.ChatServer	Sun Aug 29 22:42:08 GMT+03:00 2021
SEVERE	Сервер запущен	com.elena.chat.server.ChatServer	Sun Aug 29 22:42:36 GMT+03:00 2021
SEVERE	Сервер запущен	com.elena.chat.server.ChatServer	Sun Aug 29 22:43:14 GMT+03:00 2021
SEVERE	Сервер запущен	com.elena.chat.server.ChatServer	Mon Aug 30 10:22:05 GMT+03:00 2021
SEVERE	Сервер запущен	com.elena.chat.server.ChatServer	Mon Aug 30 10:23:36 GMT+03:00 2021
SEVERE	Сервер запущен	com.elena.chat.server.ChatServer	Mon Aug 30 10:26:02 GMT+03:00 2021
SEVERE	Сервер запущен	com.elena.chat.server.ChatServer	Mon Aug 30 10:28:34 GMT+03:00 2021
SEVERE	Сервер запущен	com.elena.chat.server.ChatServer	Mon Aug 30 10:32:09 GMT+03:00 2021
SEVERE	Сервер запущен	com.elena.chat.server.ChatServer	Mon Aug 30 10:34:38 GMT+03:00 2021
SEVERE	Сервер запущен	com.elena.chat.server.ChatServer	Mon Aug 30 10:35:28 GMT+03:00 2021
SEVERE	Сервер запущен	com.elena.chat.server.ChatServer	Mon Aug 30 10:37:23 GMT+03:00 2021
SEVERE	Сервер запущен	com.elena.chat.server.ChatServer	Mon Aug 30 10:40:40 GMT+03:00 2021
SEVERE	Для user1 введен неправильный логин/пароль	com.elena.chat.server.ClientHandler$1	Mon Aug 30 10:40:40 GMT+03:00 2021
SEVERE	Для user1 введен неправильный логин/пароль	com.elena.chat.server.ClientHandler$1	Mon Aug 30 10:40:40 GMT+03:00 2021
SEVERE	Сервер запущен	com.elena.chat.server.ChatServer	Mon Aug 30 10:43:56 GMT+03:00 2021
SEVERE	Для user1 введен неправильный логин/пароль	com.elena.chat.server.ClientHandler$1	Mon Aug 30 10:43:56 GMT+03:00 2021
INFO	Клиент user1 подключен	com.elena.chat.server.ClientHandler$1	Mon Aug 30 10:43:56 GMT+03:00 2021
SEVERE	Сервер запущен	com.elena.chat.server.ChatServer	Mon Aug 30 10:55:30 GMT+03:00 2021
INFO	Клиент user1 подключен	com.elena.chat.server.ClientHandler$1	Mon Aug 30 10:55:30 GMT+03:00 2021
SEVERE	Сервер запущен	com.elena.chat.server.ChatServer	Mon Aug 30 11:07:56 GMT+03:00 2021
INFO	Клиент user1 подключен	com.elena.chat.server.ClientHandler$1	Mon Aug 30 11:07:56 GMT+03:00 2021
INFO	Клиент user2 подключен	com.elena.chat.server.ClientHandler$1	Mon Aug 30 11:07:56 GMT+03:00 2021
INFO	Пользователь user2 отправил сообщение cjjfhfhk	com.elena.chat.server.ClientHandler$1	Mon Aug 30 11:07:56 GMT+03:00 2021
INFO	Пользователь user1 отправил сообщение fhkfkfkf	com.elena.chat.server.ClientHandler$1	Mon Aug 30 11:07:56 GMT+03:00 2021
INFO	Пользователь user1 отправил сообщение /end	com.elena.chat.server.ClientHandler$1	Mon Aug 30 11:07:56 GMT+03:00 2021
INFO	Клиент user1 отключился	com.elena.chat.server.ClientHandler$1	Mon Aug 30 11:07:56 GMT+03:00 2021
INFO	Пользователь user2 отправил сообщение /end	com.elena.chat.server.ClientHandler$1	Mon Aug 30 11:07:56 GMT+03:00 2021
INFO	Клиент user2 отключился	com.elena.chat.server.ClientHandler$1	Mon Aug 30 11:07:56 GMT+03:00 2021
SEVERE	Сервер запущен	com.elena.chat.server.ChatServer	Mon Aug 30 11:19:29 GMT+03:00 2021
INFO	Клиент user1 подключен	com.elena.chat.server.ClientHandler$1	Mon Aug 30 11:19:29 GMT+03:00 2021
SEVERE	Для user2 введен неправильный логин/пароль	com.elena.chat.server.ClientHandler$1	Mon Aug 30 11:19:29 GMT+03:00 2021
INFO	Клиент user2 подключен	com.elena.chat.server.ClientHandler$1	Mon Aug 30 11:19:29 GMT+03:00 2021
SEVERE	Сервер запущен	com.elena.chat.server.ChatServer	Mon Aug 30 11:21:54 GMT+03:00 2021
INFO	Клиент user1 подключен	com.elena.chat.server.ClientHandler$1	Mon Aug 30 11:21:54 GMT+03:00 2021
INFO	Пользователь user1 отправил сообщение /end	com.elena.chat.server.ClientHandler$1	Mon Aug 30 11:21:54 GMT+03:00 2021
INFO	Клиент user1 отключился	com.elena.chat.server.ClientHandler$1	Mon Aug 30 11:21:54 GMT+03:00 2021
SEVERE	Сервер запущен	com.elena.chat.server.ChatServer	2021-08-30T11:27:22.873591700
